Using pre-set license
Built from '2020.3/staging' branch; Version is '2020.3.21f1 (a38c86f6690f) revision 10718342'; Using compiler version '192528614'; Build Type 'Release'
OS: 'Windows 10 Home Single Language; OS build 19043.1466; Version 2009; 64bit' Language: 'en' Physical Memory: 16238 MB
BatchMode: 1, IsHumanControllingUs: 0, StartBugReporterOnCrash: 0, Is64bit: 1, IsPro: 0

COMMAND LINE ARGUMENTS:
D:\Development\2020.3.21f1\Editor\Unity.exe
-adb2
-batchMode
-noUpm
-name
AssetImportWorker0
-projectPath
E:/Projek/Aplikasi-Edukasi-Bangun-Ruang
-logFile
Logs/AssetImportWorker0.log
-srvPort
59574
Successfully changed project path to: E:/Projek/Aplikasi-Edukasi-Bangun-Ruang
E:/Projek/Aplikasi-Edukasi-Bangun-Ruang
Using Asset Import Pipeline V2.
Refreshing native plugins compatible for Editor in 47.63 ms, found 3 plugins.
Preloading 0 native plugins for Editor in 0.00 ms.
Initialize engine version: 2020.3.21f1 (a38c86f6690f)
[Subsystems] Discovering subsystems at path D:/Development/2020.3.21f1/Editor/Data/Resources/UnitySubsystems
[Subsystems] Discovering subsystems at path E:/Projek/Aplikasi-Edukasi-Bangun-Ruang/Assets
GfxDevice: creating device client; threaded=0
Direct3D:
    Version:  Direct3D 11.0 [level 11.1]
    Renderer: NVIDIA GeForce GTX 1050 Ti (ID=0x1c8c)
    Vendor:   
    VRAM:     4021 MB
    Driver:   27.21.14.6627
Initialize mono
Mono path[0] = 'D:/Development/2020.3.21f1/Editor/Data/Managed'
Mono path[1] = 'D:/Development/2020.3.21f1/Editor/Data/MonoBleedingEdge/lib/mono/unityjit'
Mono config path = 'D:/Development/2020.3.21f1/Editor/Data/MonoBleedingEdge/etc'
Using monoOptions --debugger-agent=transport=dt_socket,embedding=1,server=y,suspend=n,address=127.0.0.1:56360
Begin MonoManager ReloadAssembly
Registering precompiled unity dll's ...
Register platform support module: D:/Development/2020.3.21f1/Editor/Data/PlaybackEngines/WebGLSupport/UnityEditor.WebGL.Extensions.dll
Register platform support module: D:/Development/2020.3.21f1/Editor/Data/PlaybackEngines/WindowsStandaloneSupport/UnityEditor.WindowsStandalone.Extensions.dll
Registered in 0.001563 seconds.
Native extension for WindowsStandalone target not found
Native extension for WebGL target not found
Refreshing native plugins compatible for Editor in 41.29 ms, found 3 plugins.
Preloading 0 native plugins for Editor in 0.00 ms.
Mono: successfully reloaded assembly
- Completed reload, in  1.495 seconds
Domain Reload Profiling:
	ReloadAssembly (1495ms)
		BeginReloadAssembly (63ms)
			ExecutionOrderSort (0ms)
			DisableScriptedObjects (0ms)
			BackupInstance (0ms)
			ReleaseScriptingObjects (0ms)
			CreateAndSetChildDomain (1ms)
		EndReloadAssembly (460ms)
			LoadAssemblies (63ms)
			RebuildTransferFunctionScriptingTraits (0ms)
			SetupTypeCache (163ms)
			ReleaseScriptCaches (0ms)
			RebuildScriptCaches (34ms)
			SetupLoadedEditorAssemblies (169ms)
				LogAssemblyErrors (0ms)
				InitializePlatformSupportModulesInManaged (4ms)
				SetLoadedEditorAssemblies (1ms)
				RefreshPlugins (41ms)
				BeforeProcessingInitializeOnLoad (16ms)
				ProcessInitializeOnLoadAttributes (79ms)
				ProcessInitializeOnLoadMethodAttributes (27ms)
				AfterProcessingInitializeOnLoad (0ms)
				EditorAssembliesLoaded (0ms)
			ExecutionOrderSort2 (0ms)
			AwakeInstancesAfterBackupRestoration (0ms)
Platform modules already initialized, skipping
Registering precompiled user dll's ...
Registered in 0.003227 seconds.
Begin MonoManager ReloadAssembly
Native extension for WindowsStandalone target not found
Native extension for WebGL target not found
Refreshing native plugins compatible for Editor in 50.14 ms, found 3 plugins.
Preloading 0 native plugins for Editor in 0.00 ms.
Mono: successfully reloaded assembly
- Completed reload, in  1.186 seconds
Domain Reload Profiling:
	ReloadAssembly (1188ms)
		BeginReloadAssembly (156ms)
			ExecutionOrderSort (0ms)
			DisableScriptedObjects (5ms)
			BackupInstance (0ms)
			ReleaseScriptingObjects (0ms)
			CreateAndSetChildDomain (18ms)
		EndReloadAssembly (975ms)
			LoadAssemblies (93ms)
			RebuildTransferFunctionScriptingTraits (0ms)
			SetupTypeCache (308ms)
			ReleaseScriptCaches (0ms)
			RebuildScriptCaches (49ms)
			SetupLoadedEditorAssemblies (395ms)
				LogAssemblyErrors (0ms)
				InitializePlatformSupportModulesInManaged (5ms)
				SetLoadedEditorAssemblies (0ms)
				RefreshPlugins (50ms)
				BeforeProcessingInitializeOnLoad (85ms)
				ProcessInitializeOnLoadAttributes (237ms)
				ProcessInitializeOnLoadMethodAttributes (16ms)
				AfterProcessingInitializeOnLoad (2ms)
				EditorAssembliesLoaded (0ms)
			ExecutionOrderSort2 (0ms)
			AwakeInstancesAfterBackupRestoration (6ms)
Platform modules already initialized, skipping
========================================================================
Worker process is ready to serve import requests
Launched and connected shader compiler UnityShaderCompiler.exe after 0.08 seconds
Refreshing native plugins compatible for Editor in 0.48 ms, found 3 plugins.
Preloading 0 native plugins for Editor in 0.00 ms.
Unloading 2183 Unused Serialized files (Serialized files now loaded: 0)
System memory in use before: 95.4 MB.
System memory in use after: 95.5 MB.

Unloading 28 unused Assets to reduce memory usage. Loaded Objects now: 2616.
Total: 3.444200 ms (FindLiveObjects: 0.187500 ms CreateObjectMapping: 0.068800 ms MarkObjects: 3.077500 ms  DeleteObjects: 0.109700 ms)

AssetImportParameters requested are different than current active one (requested -> active):
  custom:framework-win-MediaFoundation: 216162199b28c13a410421893ffa2e32 -> 
  custom:video-decoder-ogg-theora: a1e56fd34408186e4bbccfd4996cb3dc -> 
  custom:container-muxer-webm: aa71ff27fc2769a1b78a27578f13a17b -> 
  custom:container-demuxer-webm: 4f35f7cbe854078d1ac9338744f61a02 -> 
  custom:container-demuxer-ogg: 62fdf1f143b41e24485cea50d1cbac27 -> 
  custom:video-encoder-webm-vp8: eb34c28f22e8b96e1ab97ce403110664 -> 
  custom:video-decoder-webm-vp8: 9c59270c3fd7afecdb556c50c9e8de78 -> 
  custom:audio-decoder-ogg-vorbis: bf7c407c2cedff20999df2af8eb42d56 -> 
  custom:audio-encoder-webm-vorbis: bf7c407c2cedff20999df2af8eb42d56 -> 
========================================================================
Received Import Request.
  path: Assets/2D Casual UI/Sprite/GUI.png
  artifactKey: Guid(1eaee135ce037439d925cee5e41ce026) Importer(815301076,1909f56bfc062723c751e8b465ee728b)
Start importing Assets/2D Casual UI/Sprite/GUI.png using Guid(1eaee135ce037439d925cee5e41ce026) Importer(815301076,1909f56bfc062723c751e8b465ee728b)  -> (artifact id: 'db66c615eb5aa226d5f97e68c7aeca07') in 0.403780 seconds 
  Import took 0.407745 seconds .

========================================================================
Received Import Request.
  Time since last request: 0.000264 seconds.
  path: Assets/2D Casual UI
  artifactKey: Guid(eea07922793fb45d98e734985805ce9c) Importer(815301076,1909f56bfc062723c751e8b465ee728b)
Start importing Assets/2D Casual UI using Guid(eea07922793fb45d98e734985805ce9c) Importer(815301076,1909f56bfc062723c751e8b465ee728b)  -> (artifact id: '9d225f613f16905199fa3c76a8efe1fc') in 0.009959 seconds 
  Import took 0.016355 seconds .

========================================================================
Received Import Request.
  Time since last request: 0.000323 seconds.
  path: Assets/2D Casual UI/Sprite
  artifactKey: Guid(e768493ddca804421b25bd6727f9c844) Importer(815301076,1909f56bfc062723c751e8b465ee728b)
Start importing Assets/2D Casual UI/Sprite using Guid(e768493ddca804421b25bd6727f9c844) Importer(815301076,1909f56bfc062723c751e8b465ee728b)  -> (artifact id: '6720c7e9f5d142e542803ddc7721fcc2') in 0.001969 seconds 
  Import took 0.006890 seconds .

========================================================================
Received Import Request.
  Time since last request: 1.300565 seconds.
  path: Assets/2D Casual UI/Original Artwork/GUI.psd
  artifactKey: Guid(836eca08b5e3b4550a4538c2238266fd) Importer(815301076,1909f56bfc062723c751e8b465ee728b)
Start importing Assets/2D Casual UI/Original Artwork/GUI.psd using Guid(836eca08b5e3b4550a4538c2238266fd) Importer(815301076,1909f56bfc062723c751e8b465ee728b)  -> (artifact id: '8e39dc5a52344568f98507b5a028745e') in 0.061546 seconds 
  Import took 0.065930 seconds .

========================================================================
Received Import Request.
  Time since last request: 4.819432 seconds.
  path: Assets/2D Casual UI/readme.rtf
  artifactKey: Guid(d3edae2e2c75b49ab9c5ee85393f2486) Importer(815301076,1909f56bfc062723c751e8b465ee728b)
Start importing Assets/2D Casual UI/readme.rtf using Guid(d3edae2e2c75b49ab9c5ee85393f2486) Importer(815301076,1909f56bfc062723c751e8b465ee728b)  -> (artifact id: '150dbd3f7079f998cfdd8c0be160a469') in 0.010088 seconds 
  Import took 0.013547 seconds .

========================================================================
Received Import Request.
  Time since last request: 14.312976 seconds.
  path: Assets/2D Casual UI/Original Artwork
  artifactKey: Guid(340aa2cbeb80a4c48846c87c039e46a1) Importer(815301076,1909f56bfc062723c751e8b465ee728b)
Start importing Assets/2D Casual UI/Original Artwork using Guid(340aa2cbeb80a4c48846c87c039e46a1) Importer(815301076,1909f56bfc062723c751e8b465ee728b)  -> (artifact id: '61b1bf291f7dc32cd2117726c2d690bd') in 0.006316 seconds 
  Import took 0.009900 seconds .

========================================================================
Received Import Request.
  Time since last request: 1503.433329 seconds.
  path: Assets/Assets/Rectangle 3.png
  artifactKey: Guid(56dfc31143cbfc14eb02875f604f609c) Importer(815301076,1909f56bfc062723c751e8b465ee728b)
Start importing Assets/Assets/Rectangle 3.png using Guid(56dfc31143cbfc14eb02875f604f609c) Importer(815301076,1909f56bfc062723c751e8b465ee728b)  -> (artifact id: 'ea93f20c8540905de2a776080f1fccaf') in 0.052369 seconds 
  Import took 0.077523 seconds .

========================================================================
Received Import Request.
  Time since last request: 4.766252 seconds.
  path: Assets/Assets/Button.png
  artifactKey: Guid(56dfc31143cbfc14eb02875f604f609c) Importer(815301076,1909f56bfc062723c751e8b465ee728b)
Start importing Assets/Assets/Button.png using Guid(56dfc31143cbfc14eb02875f604f609c) Importer(815301076,1909f56bfc062723c751e8b465ee728b)  -> (artifact id: 'e46322f08836e2a68a12fb8b328576d4') in 0.030903 seconds 
  Import took 0.059463 seconds .

========================================================================
Received Import Request.
  Time since last request: 48.896640 seconds.
  path: Assets/Assets/Button.png
  artifactKey: Guid(56dfc31143cbfc14eb02875f604f609c) Importer(815301076,1909f56bfc062723c751e8b465ee728b)
Start importing Assets/Assets/Button.png using Guid(56dfc31143cbfc14eb02875f604f609c) Importer(815301076,1909f56bfc062723c751e8b465ee728b)  -> (artifact id: '18c402d6be90ab160c12144daa41881c') in 0.023638 seconds 
  Import took 0.036869 seconds .

========================================================================
Received Import Request.
  Time since last request: 35.417939 seconds.
  path: Assets/Assets/Button.png
  artifactKey: Guid(56dfc31143cbfc14eb02875f604f609c) Importer(815301076,1909f56bfc062723c751e8b465ee728b)
Start importing Assets/Assets/Button.png using Guid(56dfc31143cbfc14eb02875f604f609c) Importer(815301076,1909f56bfc062723c751e8b465ee728b)  -> (artifact id: 'a5a259ced3cd4492452e7283726ba7a5') in 0.056108 seconds 
  Import took 0.067301 seconds .

========================================================================
Received Import Request.
  Time since last request: 21.546822 seconds.
  path: Assets/Assets/Button.png
  artifactKey: Guid(56dfc31143cbfc14eb02875f604f609c) Importer(815301076,1909f56bfc062723c751e8b465ee728b)
Start importing Assets/Assets/Button.png using Guid(56dfc31143cbfc14eb02875f604f609c) Importer(815301076,1909f56bfc062723c751e8b465ee728b)  -> (artifact id: 'f06ddcdda3e3e764bcd6dadcf6f298b3') in 0.033129 seconds 
  Import took 0.044915 seconds .

========================================================================
Received Import Request.
  Time since last request: 273.114413 seconds.
  path: Assets/Scenes/Main Menu.unity
  artifactKey: Guid(2cda990e2423bbf4892e6590ba056729) Importer(815301076,1909f56bfc062723c751e8b465ee728b)
Start importing Assets/Scenes/Main Menu.unity using Guid(2cda990e2423bbf4892e6590ba056729) Importer(815301076,1909f56bfc062723c751e8b465ee728b)  -> (artifact id: 'fc80dd272d5606113667e6ef3ffcbefc') in 0.009879 seconds 
  Import took 0.041762 seconds .

========================================================================
Received Import Request.
  Time since last request: 0.564178 seconds.
  path: Assets/Scenes/Main Menu 1.unity
  artifactKey: Guid(e4c0085e8da26d842b08726c2fb9b56f) Importer(815301076,1909f56bfc062723c751e8b465ee728b)
Start importing Assets/Scenes/Main Menu 1.unity using Guid(e4c0085e8da26d842b08726c2fb9b56f) Importer(815301076,1909f56bfc062723c751e8b465ee728b)  -> (artifact id: '8d5b75f4f26b91ed99eaf50571b6df8f') in 0.010260 seconds 
  Import took 0.022988 seconds .

========================================================================
Received Import Request.
  Time since last request: 12.262683 seconds.
  path: Assets/Scenes/Menu.unity
  artifactKey: Guid(e4c0085e8da26d842b08726c2fb9b56f) Importer(815301076,1909f56bfc062723c751e8b465ee728b)
Start importing Assets/Scenes/Menu.unity using Guid(e4c0085e8da26d842b08726c2fb9b56f) Importer(815301076,1909f56bfc062723c751e8b465ee728b)  -> (artifact id: '8903744cc772f8a6dca5bf927723d71b') in 0.011385 seconds 
  Import took 0.021793 seconds .

========================================================================
Received Import Request.
  Time since last request: 24.043260 seconds.
  path: Assets/Prefabs
  artifactKey: Guid(2ef71e20afbf3b047bed20b9c1498950) Importer(815301076,1909f56bfc062723c751e8b465ee728b)
Start importing Assets/Prefabs using Guid(2ef71e20afbf3b047bed20b9c1498950) Importer(815301076,1909f56bfc062723c751e8b465ee728b)  -> (artifact id: '32c6433aca013af1715e7bfc9b6c49b9') in 0.010365 seconds 
  Import took 0.014611 seconds .

========================================================================
Received Import Request.
  Time since last request: 4.368159 seconds.
  path: Assets/Prefabs/Button start.prefab
  artifactKey: Guid(78d04045890b6a54fbdb508bb253814c) Importer(815301076,1909f56bfc062723c751e8b465ee728b)
Start importing Assets/Prefabs/Button start.prefab using Guid(78d04045890b6a54fbdb508bb253814c) Importer(815301076,1909f56bfc062723c751e8b465ee728b)  -> (artifact id: 'f0167fbaeea70d62071b3ebc17e6de79') in 0.050258 seconds 
  Import took 0.057417 seconds .

========================================================================
Received Import Request.
  Time since last request: 3.514604 seconds.
  path: Assets/Prefabs/Button.prefab
  artifactKey: Guid(78d04045890b6a54fbdb508bb253814c) Importer(815301076,1909f56bfc062723c751e8b465ee728b)
Start importing Assets/Prefabs/Button.prefab using Guid(78d04045890b6a54fbdb508bb253814c) Importer(815301076,1909f56bfc062723c751e8b465ee728b)  -> (artifact id: '428c4645f590540e6ceb1c92cfe44855') in 0.010326 seconds 
  Import took 0.095063 seconds .

========================================================================
Received Import Request.
  Time since last request: 33.607031 seconds.
  path: Assets/Scenes/Main Menu.unity
  artifactKey: Guid(2cda990e2423bbf4892e6590ba056729) Importer(815301076,1909f56bfc062723c751e8b465ee728b)
Start importing Assets/Scenes/Main Menu.unity using Guid(2cda990e2423bbf4892e6590ba056729) Importer(815301076,1909f56bfc062723c751e8b465ee728b)  -> (artifact id: 'cf8535e215ae6f64ce426ac830168ddc') in 0.004490 seconds 
  Import took 0.011302 seconds .

========================================================================
Received Import Request.
  Time since last request: 0.745717 seconds.
  path: Assets/Scenes/Main Menu 1.unity
  artifactKey: Guid(ec4382c627a03d6459d780f35e99e980) Importer(815301076,1909f56bfc062723c751e8b465ee728b)
Start importing Assets/Scenes/Main Menu 1.unity using Guid(ec4382c627a03d6459d780f35e99e980) Importer(815301076,1909f56bfc062723c751e8b465ee728b)  -> (artifact id: '0f326b3849b02408a2a3187282c46400') in 0.004302 seconds 
  Import took 0.009643 seconds .

========================================================================
Received Import Request.
  Time since last request: 8.086500 seconds.
  path: Assets/Scenes/Select Menu.unity
  artifactKey: Guid(ec4382c627a03d6459d780f35e99e980) Importer(815301076,1909f56bfc062723c751e8b465ee728b)
Start importing Assets/Scenes/Select Menu.unity using Guid(ec4382c627a03d6459d780f35e99e980) Importer(815301076,1909f56bfc062723c751e8b465ee728b)  -> (artifact id: 'a0001ae8e13cf760cc95994d633df790') in 0.012047 seconds 
  Import took 0.018130 seconds .

AssetImportWorkerClient::OnTransportError - code=2 error=End of file
